<?xml version="1.0" encoding="UTF-8"?>
<testsuites name="Login" time="77.666" tests="13" passed="13" failures="0" errors="0" incompleted="0" skipped="0">
   <testsuite name="Login" tests="13" passed="13" failures="0" errors="0" incompleted="0" skipped="0" time="77.666" timestamp="2026-05-07T05:22:06.490Z" hostname="fazza_abiyyu - 192.168.18.56" id="Test Suites/Login" status="PASSED">
      <properties>
         <property name="deviceName" value=""/>
         <property name="devicePlatform"/>
         <property name="logFolder" value="/Users/fazza_abiyyu/Documents/Projects/Hobby/KATALON_QWERTY/Reports/20260507_122204/Login/20260507_122204"/>
         <property name="logFiles" value="/Users/fazza_abiyyu/Documents/Projects/Hobby/KATALON_QWERTY/Reports/20260507_122204/Login/20260507_122204/execution0.log, /Users/fazza_abiyyu/Documents/Projects/Hobby/KATALON_QWERTY/Reports/20260507_122204/Login/20260507_122204/console0.log"/>
         <property name="attachments" value=""/>
         <property name="executionBindingVariables" value="[&#xa;  {&#xa;    &quot;value&quot;: &quot;1\u0027 AND SLEEP(5) --&quot;,&#xa;    &quot;isDefault&quot;: false,&#xa;    &quot;name&quot;: &quot;email&quot;,&#xa;    &quot;masked&quot;: false&#xa;  },&#xa;  {&#xa;    &quot;value&quot;: &quot;(bebas)&quot;,&#xa;    &quot;isDefault&quot;: false,&#xa;    &quot;name&quot;: &quot;password&quot;,&#xa;    &quot;masked&quot;: false&#xa;  }&#xa;]"/>
         <property name="hostName" value="fazza_abiyyu - 192.168.18.56"/>
         <property name="os" value="Mac OS X 64bit"/>
         <property name="katalonVersion" value="11.1.2.0"/>
         <property name="browser" value="Chrome 147.0.7727.138"/>
         <property name="userFullName" value="Muhammad Faza Abiyyu"/>
         <property name="hostAddress" value="192.168.18.56"/>
         <property name="sessionId" value="12d1bf5346c91132d75ca3977020d7e5"/>
         <property name="projectName" value="KATALON_QWERTY"/>
         <property name="seleniumVersion" value="4.39.0"/>
         <property name="proxyInformation" value="ProxyInformation { proxyOption=NO_PROXY, proxyServerType=HTTP, username=, password=********, proxyServerAddress=, proxyServerPort=0, executionList=&quot;&quot;, isApplyToDesiredCapabilities=true }"/>
         <property name="platform" value="Mac OS X"/>
      </properties>
      <testcase name="Test Cases/Login Verification/Login with valid credentials" time="10.474" classname="Test Cases/Login Verification/Login with valid credentials" status="PASSED">
         <properties>
            <property name="data_binding"><![CDATA[{"password":"User@001","email":"test01@qwerty.com"}]]></property>
         </properties>
         <system-out><![CDATA[07-05-2026T12:22:06 - [TEST_CASE][PASSED] - Test Cases/Login Verification/Login with valid credentials: Test Cases/Login Verification/Login with valid credentials

07-05-2026T12:22:06 - [TEST_STEP][PASSED] - openBrowser(""): Browser is opened with url: ''

07-05-2026T12:22:06 - [MESSAGE][INFO] - Starting 'Chrome' driver

07-05-2026T12:22:06 - [MESSAGE][INFO] - Action delay is set to 0 milliseconds

07-05-2026T12:22:08 - [MESSAGE][PASSED] - Browser is opened with url: ''

07-05-2026T12:22:08 - [TEST_STEP][PASSED] - navigateToUrl("https://qwerty.abiyyu.xyz/"): Navigate to 'https://qwerty.abiyyu.xyz/' successfully

07-05-2026T12:22:11 - [MESSAGE][PASSED] - Navigate to 'https://qwerty.abiyyu.xyz/' successfully

07-05-2026T12:22:11 - [TEST_STEP][PASSED] - click(findTestObject("Login with valid credentials/Page_QWERTY E-Commerce/icon_sign_in")): Object: 'Object Repository/Login with valid credentials/Page_QWERTY E-Commerce/icon_sign_in' is clicked on

07-05-2026T12:22:11 - [MESSAGE][PASSED] - Object: 'Object Repository/Login with valid credentials/Page_QWERTY E-Commerce/icon_sign_in' is clicked on

07-05-2026T12:22:11 - [TEST_STEP][PASSED] - setText(findTestObject("Login with valid credentials/Page_QWERTY E-Commerce/email_field"), email): Text 'test01@qwerty.com' is set on object 'Object Repository/Login with valid credentials/Page_QWERTY E-Commerce/email_field'

07-05-2026T12:22:13 - [MESSAGE][PASSED] - Text 'test01@qwerty.com' is set on object 'Object Repository/Login with valid credentials/Page_QWERTY E-Commerce/email_field'

07-05-2026T12:22:13 - [TEST_STEP][PASSED] - setText(findTestObject("Login with valid credentials/Page_QWERTY E-Commerce/password_field"), password): Text 'User@001' is set on object 'Object Repository/Login with valid credentials/Page_QWERTY E-Commerce/password_field'

07-05-2026T12:22:14 - [MESSAGE][PASSED] - Text 'User@001' is set on object 'Object Repository/Login with valid credentials/Page_QWERTY E-Commerce/password_field'

07-05-2026T12:22:14 - [TEST_STEP][PASSED] - click(findTestObject("Login with valid credentials/Page_QWERTY E-Commerce/btn_sign_in")): Object: 'Object Repository/Login with valid credentials/Page_QWERTY E-Commerce/btn_sign_in' is clicked on

07-05-2026T12:22:14 - [MESSAGE][PASSED] - Object: 'Object Repository/Login with valid credentials/Page_QWERTY E-Commerce/btn_sign_in' is clicked on

07-05-2026T12:22:14 - [TEST_STEP][PASSED] - click(findTestObject("Login with valid credentials/Page_QWERTY E-Commerce/box_icon_profile")): Object: 'Object Repository/Login with valid credentials/Page_QWERTY E-Commerce/box_icon_profile' is clicked on

07-05-2026T12:22:16 - [MESSAGE][PASSED] - Object: 'Object Repository/Login with valid credentials/Page_QWERTY E-Commerce/box_icon_profile' is clicked on

07-05-2026T12:22:16 - [TEST_STEP][PASSED] - closeBrowser(): Browser is closed

07-05-2026T12:22:17 - [MESSAGE][PASSED] - Browser is closed]]></system-out>
         <system-err><![CDATA[]]></system-err>
      </testcase>
      <testcase name="Test Cases/Login Verification/Login with invalid credentials" time="5.973" classname="Test Cases/Login Verification/Login with invalid credentials" status="PASSED">
         <properties>
            <property name="data_binding"><![CDATA[{"password":"User@000","email":"test01@qwerty.com"}]]></property>
         </properties>
         <system-out><![CDATA[07-05-2026T12:22:17 - [TEST_CASE][PASSED] - Test Cases/Login Verification/Login with invalid credentials: Test Cases/Login Verification/Login with invalid credentials

07-05-2026T12:22:17 - [TEST_STEP][PASSED] - openBrowser(""): Browser is opened with url: ''

07-05-2026T12:22:17 - [MESSAGE][INFO] - Starting 'Chrome' driver

07-05-2026T12:22:17 - [MESSAGE][INFO] - Action delay is set to 0 milliseconds

07-05-2026T12:22:17 - [MESSAGE][PASSED] - Browser is opened with url: ''

07-05-2026T12:22:17 - [TEST_STEP][PASSED] - navigateToUrl("https://qwerty.abiyyu.xyz/"): Navigate to 'https://qwerty.abiyyu.xyz/' successfully

07-05-2026T12:22:19 - [MESSAGE][PASSED] - Navigate to 'https://qwerty.abiyyu.xyz/' successfully

07-05-2026T12:22:19 - [TEST_STEP][PASSED] - click(findTestObject("Login with invalid credentials/Page_QWERTY E-Commerce/icon_sign_in")): Object: 'Object Repository/Login with invalid credentials/Page_QWERTY E-Commerce/icon_sign_in' is clicked on

07-05-2026T12:22:20 - [MESSAGE][PASSED] - Object: 'Object Repository/Login with invalid credentials/Page_QWERTY E-Commerce/icon_sign_in' is clicked on

07-05-2026T12:22:20 - [TEST_STEP][PASSED] - setText(findTestObject("Login with invalid credentials/Page_QWERTY E-Commerce/email_field"), email): Text 'test01@qwerty.com' is set on object 'Object Repository/Login with invalid credentials/Page_QWERTY E-Commerce/email_field'

07-05-2026T12:22:21 - [MESSAGE][PASSED] - Text 'test01@qwerty.com' is set on object 'Object Repository/Login with invalid credentials/Page_QWERTY E-Commerce/email_field'

07-05-2026T12:22:21 - [TEST_STEP][PASSED] - setText(findTestObject("Login with invalid credentials/Page_QWERTY E-Commerce/password_field"), password): Text 'User@000' is set on object 'Object Repository/Login with invalid credentials/Page_QWERTY E-Commerce/password_field'

07-05-2026T12:22:21 - [MESSAGE][PASSED] - Text 'User@000' is set on object 'Object Repository/Login with invalid credentials/Page_QWERTY E-Commerce/password_field'

07-05-2026T12:22:21 - [TEST_STEP][PASSED] - click(findTestObject("Login with invalid credentials/Page_QWERTY E-Commerce/btn_sign_in")): Object: 'Object Repository/Login with invalid credentials/Page_QWERTY E-Commerce/btn_sign_in' is clicked on

07-05-2026T12:22:21 - [MESSAGE][PASSED] - Object: 'Object Repository/Login with invalid credentials/Page_QWERTY E-Commerce/btn_sign_in' is clicked on

07-05-2026T12:22:21 - [TEST_STEP][PASSED] - click(findTestObject("Login with invalid credentials/Page_QWERTY E-Commerce/msg_invalid_email_or_password")): Object: 'Object Repository/Login with invalid credentials/Page_QWERTY E-Commerce/msg_invalid_email_or_password' is clicked on

07-05-2026T12:22:22 - [MESSAGE][PASSED] - Object: 'Object Repository/Login with invalid credentials/Page_QWERTY E-Commerce/msg_invalid_email_or_password' is clicked on

07-05-2026T12:22:22 - [TEST_STEP][PASSED] - closeBrowser(): Browser is closed

07-05-2026T12:22:22 - [MESSAGE][PASSED] - Browser is closed]]></system-out>
         <system-err><![CDATA[]]></system-err>
      </testcase>
      <testcase name="Test Cases/Login Verification/Login with empty input" time="5.154" classname="Test Cases/Login Verification/Login with empty input" status="PASSED">
         <system-out><![CDATA[07-05-2026T12:22:22 - [TEST_CASE][PASSED] - Test Cases/Login Verification/Login with empty input: Test Cases/Login Verification/Login with empty input

07-05-2026T12:22:23 - [TEST_STEP][PASSED] - openBrowser(""): Browser is opened with url: ''

07-05-2026T12:22:23 - [MESSAGE][INFO] - Starting 'Chrome' driver

07-05-2026T12:22:23 - [MESSAGE][INFO] - Action delay is set to 0 milliseconds

07-05-2026T12:22:24 - [MESSAGE][PASSED] - Browser is opened with url: ''

07-05-2026T12:22:24 - [TEST_STEP][PASSED] - navigateToUrl("https://qwerty.abiyyu.xyz/"): Navigate to 'https://qwerty.abiyyu.xyz/' successfully

07-05-2026T12:22:25 - [MESSAGE][PASSED] - Navigate to 'https://qwerty.abiyyu.xyz/' successfully

07-05-2026T12:22:25 - [TEST_STEP][PASSED] - click(findTestObject("Login with empty input/Page_QWERTY E-Commerce/icon_sign_in")): Object: 'Object Repository/Login with empty input/Page_QWERTY E-Commerce/icon_sign_in' is clicked on

07-05-2026T12:22:26 - [MESSAGE][PASSED] - Object: 'Object Repository/Login with empty input/Page_QWERTY E-Commerce/icon_sign_in' is clicked on

07-05-2026T12:22:26 - [TEST_STEP][PASSED] - click(findTestObject("Login with empty input/Page_QWERTY E-Commerce/email_field")): Object: 'Object Repository/Login with empty input/Page_QWERTY E-Commerce/email_field' is clicked on

07-05-2026T12:22:27 - [MESSAGE][PASSED] - Object: 'Object Repository/Login with empty input/Page_QWERTY E-Commerce/email_field' is clicked on

07-05-2026T12:22:27 - [TEST_STEP][PASSED] - click(findTestObject("Login with empty input/Page_QWERTY E-Commerce/password_field")): Object: 'Object Repository/Login with empty input/Page_QWERTY E-Commerce/password_field' is clicked on

07-05-2026T12:22:27 - [MESSAGE][PASSED] - Object: 'Object Repository/Login with empty input/Page_QWERTY E-Commerce/password_field' is clicked on

07-05-2026T12:22:27 - [TEST_STEP][PASSED] - click(findTestObject("Login with empty input/Page_QWERTY E-Commerce/btn_sign_in")): Object: 'Object Repository/Login with empty input/Page_QWERTY E-Commerce/btn_sign_in' is clicked on

07-05-2026T12:22:27 - [MESSAGE][PASSED] - Object: 'Object Repository/Login with empty input/Page_QWERTY E-Commerce/btn_sign_in' is clicked on

07-05-2026T12:22:27 - [TEST_STEP][PASSED] - click(findTestObject("Login with empty input/Page_QWERTY E-Commerce/page_login")): Object: 'Object Repository/Login with empty input/Page_QWERTY E-Commerce/page_login' is clicked on

07-05-2026T12:22:28 - [MESSAGE][PASSED] - Object: 'Object Repository/Login with empty input/Page_QWERTY E-Commerce/page_login' is clicked on

07-05-2026T12:22:28 - [TEST_STEP][PASSED] - closeBrowser(): Browser is closed

07-05-2026T12:22:28 - [MESSAGE][PASSED] - Browser is closed]]></system-out>
         <system-err><![CDATA[]]></system-err>
      </testcase>
      <testcase name="Test Cases/Login Verification/Login with unregistered email" time="6.429" classname="Test Cases/Login Verification/Login with unregistered email" status="PASSED">
         <properties>
            <property name="data_binding"><![CDATA[{"password":"falsepass","email":"invalid@qwery.com"}]]></property>
         </properties>
         <system-out><![CDATA[07-05-2026T12:22:28 - [TEST_CASE][PASSED] - Test Cases/Login Verification/Login with unregistered email: Test Cases/Login Verification/Login with unregistered email

07-05-2026T12:22:28 - [TEST_STEP][PASSED] - openBrowser(""): Browser is opened with url: ''

07-05-2026T12:22:28 - [MESSAGE][INFO] - Starting 'Chrome' driver

07-05-2026T12:22:28 - [MESSAGE][INFO] - Action delay is set to 0 milliseconds

07-05-2026T12:22:28 - [MESSAGE][PASSED] - Browser is opened with url: ''

07-05-2026T12:22:28 - [TEST_STEP][PASSED] - navigateToUrl("https://qwerty.abiyyu.xyz/"): Navigate to 'https://qwerty.abiyyu.xyz/' successfully

07-05-2026T12:22:31 - [MESSAGE][PASSED] - Navigate to 'https://qwerty.abiyyu.xyz/' successfully

07-05-2026T12:22:31 - [TEST_STEP][PASSED] - click(findTestObject("Login with unregistered email/Page_QWERTY E-Commerce/icon_sign_in")): Object: 'Object Repository/Login with unregistered email/Page_QWERTY E-Commerce/icon_sign_in' is clicked on

07-05-2026T12:22:31 - [MESSAGE][PASSED] - Object: 'Object Repository/Login with unregistered email/Page_QWERTY E-Commerce/icon_sign_in' is clicked on

07-05-2026T12:22:31 - [TEST_STEP][PASSED] - setText(findTestObject("Login with unregistered email/Page_QWERTY E-Commerce/email_field"), email): Text 'invalid@qwery.com' is set on object 'Object Repository/Login with unregistered email/Page_QWERTY E-Commerce/email_field'

07-05-2026T12:22:32 - [MESSAGE][PASSED] - Text 'invalid@qwery.com' is set on object 'Object Repository/Login with unregistered email/Page_QWERTY E-Commerce/email_field'

07-05-2026T12:22:32 - [TEST_STEP][PASSED] - setText(findTestObject("Login with unregistered email/Page_QWERTY E-Commerce/password_field"), password): Text 'falsepass' is set on object 'Object Repository/Login with unregistered email/Page_QWERTY E-Commerce/password_field'

07-05-2026T12:22:33 - [MESSAGE][PASSED] - Text 'falsepass' is set on object 'Object Repository/Login with unregistered email/Page_QWERTY E-Commerce/password_field'

07-05-2026T12:22:33 - [TEST_STEP][PASSED] - click(findTestObject("Login with unregistered email/Page_QWERTY E-Commerce/btn_sign_in")): Object: 'Object Repository/Login with unregistered email/Page_QWERTY E-Commerce/btn_sign_in' is clicked on

07-05-2026T12:22:33 - [MESSAGE][PASSED] - Object: 'Object Repository/Login with unregistered email/Page_QWERTY E-Commerce/btn_sign_in' is clicked on

07-05-2026T12:22:33 - [TEST_STEP][PASSED] - click(findTestObject("Login with unregistered email/Page_QWERTY E-Commerce/msg_invalid_email_or_password")): Object: 'Object Repository/Login with unregistered email/Page_QWERTY E-Commerce/msg_invalid_email_or_password' is clicked on

07-05-2026T12:22:34 - [MESSAGE][PASSED] - Object: 'Object Repository/Login with unregistered email/Page_QWERTY E-Commerce/msg_invalid_email_or_password' is clicked on

07-05-2026T12:22:34 - [TEST_STEP][PASSED] - closeBrowser(): Browser is closed

07-05-2026T12:22:34 - [MESSAGE][PASSED] - Browser is closed]]></system-out>
         <system-err><![CDATA[]]></system-err>
      </testcase>
      <testcase name="Test Cases/Login Verification/Login with SQL-Injection" time="5.622" classname="Test Cases/Login Verification/Login with SQL-Injection" status="PASSED">
         <properties>
            <property name="data_binding"><![CDATA[{"password":"(bebas)","email":" OR \u00271\u0027\u003d\u00271"}]]></property>
         </properties>
         <system-out><![CDATA[07-05-2026T12:22:34 - [TEST_CASE][PASSED] - Test Cases/Login Verification/Login with SQL-Injection: Test Cases/Login Verification/Login with SQL-Injection

07-05-2026T12:22:34 - [TEST_STEP][PASSED] - openBrowser(""): Browser is opened with url: ''

07-05-2026T12:22:34 - [MESSAGE][INFO] - Starting 'Chrome' driver

07-05-2026T12:22:34 - [MESSAGE][INFO] - Action delay is set to 0 milliseconds

07-05-2026T12:22:35 - [MESSAGE][PASSED] - Browser is opened with url: ''

07-05-2026T12:22:35 - [TEST_STEP][PASSED] - navigateToUrl("https://qwerty.abiyyu.xyz/"): Navigate to 'https://qwerty.abiyyu.xyz/' successfully

07-05-2026T12:22:37 - [MESSAGE][PASSED] - Navigate to 'https://qwerty.abiyyu.xyz/' successfully

07-05-2026T12:22:37 - [TEST_STEP][PASSED] - click(findTestObject("Login with SQL-Injection/Page_QWERTY E-Commerce/icon_sign_in")): Object: 'Object Repository/Login with SQL-Injection/Page_QWERTY E-Commerce/icon_sign_in' is clicked on

07-05-2026T12:22:37 - [MESSAGE][PASSED] - Object: 'Object Repository/Login with SQL-Injection/Page_QWERTY E-Commerce/icon_sign_in' is clicked on

07-05-2026T12:22:37 - [TEST_STEP][PASSED] - setText(findTestObject("Login with SQL-Injection/Page_QWERTY E-Commerce/email_field"), email): Text ' OR '1'='1' is set on object 'Object Repository/Login with SQL-Injection/Page_QWERTY E-Commerce/email_field'

07-05-2026T12:22:39 - [MESSAGE][PASSED] - Text ' OR '1'='1' is set on object 'Object Repository/Login with SQL-Injection/Page_QWERTY E-Commerce/email_field'

07-05-2026T12:22:39 - [TEST_STEP][PASSED] - setText(findTestObject("Login with SQL-Injection/Page_QWERTY E-Commerce/password_field"), password): Text '(bebas)' is set on object 'Object Repository/Login with SQL-Injection/Page_QWERTY E-Commerce/password_field'

07-05-2026T12:22:39 - [MESSAGE][PASSED] - Text '(bebas)' is set on object 'Object Repository/Login with SQL-Injection/Page_QWERTY E-Commerce/password_field'

07-05-2026T12:22:39 - [TEST_STEP][PASSED] - click(findTestObject("Login with SQL-Injection/Page_QWERTY E-Commerce/btn_sign_in"), STOP_ON_FAILURE): Object: 'Object Repository/Login with SQL-Injection/Page_QWERTY E-Commerce/btn_sign_in' is clicked on

07-05-2026T12:22:39 - [MESSAGE][PASSED] - Object: 'Object Repository/Login with SQL-Injection/Page_QWERTY E-Commerce/btn_sign_in' is clicked on

07-05-2026T12:22:39 - [TEST_STEP][PASSED] - click(findTestObject("Login with SQL-Injection/Page_QWERTY E-Commerce/page_login")): Object: 'Object Repository/Login with SQL-Injection/Page_QWERTY E-Commerce/page_login' is clicked on

07-05-2026T12:22:40 - [MESSAGE][PASSED] - Object: 'Object Repository/Login with SQL-Injection/Page_QWERTY E-Commerce/page_login' is clicked on

07-05-2026T12:22:40 - [TEST_STEP][PASSED] - closeBrowser(): Browser is closed

07-05-2026T12:22:40 - [MESSAGE][PASSED] - Browser is closed]]></system-out>
         <system-err><![CDATA[]]></system-err>
      </testcase>
      <testcase name="Test Cases/Login Verification/Login with SQL-Injection" time="5.076" classname="Test Cases/Login Verification/Login with SQL-Injection" status="PASSED">
         <properties>
            <property name="data_binding"><![CDATA[{"password":"(kosong)","email":"admin\u0027 --"}]]></property>
         </properties>
         <system-out><![CDATA[07-05-2026T12:22:40 - [TEST_CASE][PASSED] - Test Cases/Login Verification/Login with SQL-Injection: Test Cases/Login Verification/Login with SQL-Injection

07-05-2026T12:22:40 - [TEST_STEP][PASSED] - openBrowser(""): Browser is opened with url: ''

07-05-2026T12:22:40 - [MESSAGE][INFO] - Starting 'Chrome' driver

07-05-2026T12:22:40 - [MESSAGE][INFO] - Action delay is set to 0 milliseconds

07-05-2026T12:22:40 - [MESSAGE][PASSED] - Browser is opened with url: ''

07-05-2026T12:22:40 - [TEST_STEP][PASSED] - navigateToUrl("https://qwerty.abiyyu.xyz/"): Navigate to 'https://qwerty.abiyyu.xyz/' successfully

07-05-2026T12:22:42 - [MESSAGE][PASSED] - Navigate to 'https://qwerty.abiyyu.xyz/' successfully

07-05-2026T12:22:42 - [TEST_STEP][PASSED] - click(findTestObject("Login with SQL-Injection/Page_QWERTY E-Commerce/icon_sign_in")): Object: 'Object Repository/Login with SQL-Injection/Page_QWERTY E-Commerce/icon_sign_in' is clicked on

07-05-2026T12:22:43 - [MESSAGE][PASSED] - Object: 'Object Repository/Login with SQL-Injection/Page_QWERTY E-Commerce/icon_sign_in' is clicked on

07-05-2026T12:22:43 - [TEST_STEP][PASSED] - setText(findTestObject("Login with SQL-Injection/Page_QWERTY E-Commerce/email_field"), email): Text 'admin' --' is set on object 'Object Repository/Login with SQL-Injection/Page_QWERTY E-Commerce/email_field'

07-05-2026T12:22:44 - [MESSAGE][PASSED] - Text 'admin' --' is set on object 'Object Repository/Login with SQL-Injection/Page_QWERTY E-Commerce/email_field'

07-05-2026T12:22:44 - [TEST_STEP][PASSED] - setText(findTestObject("Login with SQL-Injection/Page_QWERTY E-Commerce/password_field"), password): Text '(kosong)' is set on object 'Object Repository/Login with SQL-Injection/Page_QWERTY E-Commerce/password_field'

07-05-2026T12:22:44 - [MESSAGE][PASSED] - Text '(kosong)' is set on object 'Object Repository/Login with SQL-Injection/Page_QWERTY E-Commerce/password_field'

07-05-2026T12:22:44 - [TEST_STEP][PASSED] - click(findTestObject("Login with SQL-Injection/Page_QWERTY E-Commerce/btn_sign_in"), STOP_ON_FAILURE): Object: 'Object Repository/Login with SQL-Injection/Page_QWERTY E-Commerce/btn_sign_in' is clicked on

07-05-2026T12:22:44 - [MESSAGE][PASSED] - Object: 'Object Repository/Login with SQL-Injection/Page_QWERTY E-Commerce/btn_sign_in' is clicked on

07-05-2026T12:22:44 - [TEST_STEP][PASSED] - click(findTestObject("Login with SQL-Injection/Page_QWERTY E-Commerce/page_login")): Object: 'Object Repository/Login with SQL-Injection/Page_QWERTY E-Commerce/page_login' is clicked on

07-05-2026T12:22:45 - [MESSAGE][PASSED] - Object: 'Object Repository/Login with SQL-Injection/Page_QWERTY E-Commerce/page_login' is clicked on

07-05-2026T12:22:45 - [TEST_STEP][PASSED] - closeBrowser(): Browser is closed

07-05-2026T12:22:45 - [MESSAGE][PASSED] - Browser is closed]]></system-out>
         <system-err><![CDATA[]]></system-err>
      </testcase>
      <testcase name="Test Cases/Login Verification/Login with SQL-Injection" time="5.237" classname="Test Cases/Login Verification/Login with SQL-Injection" status="PASSED">
         <properties>
            <property name="data_binding"><![CDATA[{"password":"(kosong)","email":"admin\u0027 #"}]]></property>
         </properties>
         <system-out><![CDATA[07-05-2026T12:22:45 - [TEST_CASE][PASSED] - Test Cases/Login Verification/Login with SQL-Injection: Test Cases/Login Verification/Login with SQL-Injection

07-05-2026T12:22:45 - [TEST_STEP][PASSED] - openBrowser(""): Browser is opened with url: ''

07-05-2026T12:22:45 - [MESSAGE][INFO] - Starting 'Chrome' driver

07-05-2026T12:22:45 - [MESSAGE][INFO] - Action delay is set to 0 milliseconds

07-05-2026T12:22:46 - [MESSAGE][PASSED] - Browser is opened with url: ''

07-05-2026T12:22:46 - [TEST_STEP][PASSED] - navigateToUrl("https://qwerty.abiyyu.xyz/"): Navigate to 'https://qwerty.abiyyu.xyz/' successfully

07-05-2026T12:22:47 - [MESSAGE][PASSED] - Navigate to 'https://qwerty.abiyyu.xyz/' successfully

07-05-2026T12:22:47 - [TEST_STEP][PASSED] - click(findTestObject("Login with SQL-Injection/Page_QWERTY E-Commerce/icon_sign_in")): Object: 'Object Repository/Login with SQL-Injection/Page_QWERTY E-Commerce/icon_sign_in' is clicked on

07-05-2026T12:22:48 - [MESSAGE][PASSED] - Object: 'Object Repository/Login with SQL-Injection/Page_QWERTY E-Commerce/icon_sign_in' is clicked on

07-05-2026T12:22:48 - [TEST_STEP][PASSED] - setText(findTestObject("Login with SQL-Injection/Page_QWERTY E-Commerce/email_field"), email): Text 'admin' #' is set on object 'Object Repository/Login with SQL-Injection/Page_QWERTY E-Commerce/email_field'

07-05-2026T12:22:49 - [MESSAGE][PASSED] - Text 'admin' #' is set on object 'Object Repository/Login with SQL-Injection/Page_QWERTY E-Commerce/email_field'

07-05-2026T12:22:49 - [TEST_STEP][PASSED] - setText(findTestObject("Login with SQL-Injection/Page_QWERTY E-Commerce/password_field"), password): Text '(kosong)' is set on object 'Object Repository/Login with SQL-Injection/Page_QWERTY E-Commerce/password_field'

07-05-2026T12:22:49 - [MESSAGE][PASSED] - Text '(kosong)' is set on object 'Object Repository/Login with SQL-Injection/Page_QWERTY E-Commerce/password_field'

07-05-2026T12:22:49 - [TEST_STEP][PASSED] - click(findTestObject("Login with SQL-Injection/Page_QWERTY E-Commerce/btn_sign_in"), STOP_ON_FAILURE): Object: 'Object Repository/Login with SQL-Injection/Page_QWERTY E-Commerce/btn_sign_in' is clicked on

07-05-2026T12:22:50 - [MESSAGE][PASSED] - Object: 'Object Repository/Login with SQL-Injection/Page_QWERTY E-Commerce/btn_sign_in' is clicked on

07-05-2026T12:22:50 - [TEST_STEP][PASSED] - click(findTestObject("Login with SQL-Injection/Page_QWERTY E-Commerce/page_login")): Object: 'Object Repository/Login with SQL-Injection/Page_QWERTY E-Commerce/page_login' is clicked on

07-05-2026T12:22:50 - [MESSAGE][PASSED] - Object: 'Object Repository/Login with SQL-Injection/Page_QWERTY E-Commerce/page_login' is clicked on

07-05-2026T12:22:50 - [TEST_STEP][PASSED] - closeBrowser(): Browser is closed

07-05-2026T12:22:50 - [MESSAGE][PASSED] - Browser is closed]]></system-out>
         <system-err><![CDATA[]]></system-err>
      </testcase>
      <testcase name="Test Cases/Login Verification/Login with SQL-Injection" time="5.946" classname="Test Cases/Login Verification/Login with SQL-Injection" status="PASSED">
         <properties>
            <property name="data_binding"><![CDATA[{"password":"(bebas)","email":" OR 1\u003d1 --"}]]></property>
         </properties>
         <system-out><![CDATA[07-05-2026T12:22:50 - [TEST_CASE][PASSED] - Test Cases/Login Verification/Login with SQL-Injection: Test Cases/Login Verification/Login with SQL-Injection

07-05-2026T12:22:50 - [TEST_STEP][PASSED] - openBrowser(""): Browser is opened with url: ''

07-05-2026T12:22:50 - [MESSAGE][INFO] - Starting 'Chrome' driver

07-05-2026T12:22:50 - [MESSAGE][INFO] - Action delay is set to 0 milliseconds

07-05-2026T12:22:51 - [MESSAGE][PASSED] - Browser is opened with url: ''

07-05-2026T12:22:51 - [TEST_STEP][PASSED] - navigateToUrl("https://qwerty.abiyyu.xyz/"): Navigate to 'https://qwerty.abiyyu.xyz/' successfully

07-05-2026T12:22:53 - [MESSAGE][PASSED] - Navigate to 'https://qwerty.abiyyu.xyz/' successfully

07-05-2026T12:22:53 - [TEST_STEP][PASSED] - click(findTestObject("Login with SQL-Injection/Page_QWERTY E-Commerce/icon_sign_in")): Object: 'Object Repository/Login with SQL-Injection/Page_QWERTY E-Commerce/icon_sign_in' is clicked on

07-05-2026T12:22:53 - [MESSAGE][PASSED] - Object: 'Object Repository/Login with SQL-Injection/Page_QWERTY E-Commerce/icon_sign_in' is clicked on

07-05-2026T12:22:53 - [TEST_STEP][PASSED] - setText(findTestObject("Login with SQL-Injection/Page_QWERTY E-Commerce/email_field"), email): Text ' OR 1=1 --' is set on object 'Object Repository/Login with SQL-Injection/Page_QWERTY E-Commerce/email_field'

07-05-2026T12:22:55 - [MESSAGE][PASSED] - Text ' OR 1=1 --' is set on object 'Object Repository/Login with SQL-Injection/Page_QWERTY E-Commerce/email_field'

07-05-2026T12:22:55 - [TEST_STEP][PASSED] - setText(findTestObject("Login with SQL-Injection/Page_QWERTY E-Commerce/password_field"), password): Text '(bebas)' is set on object 'Object Repository/Login with SQL-Injection/Page_QWERTY E-Commerce/password_field'

07-05-2026T12:22:55 - [MESSAGE][PASSED] - Text '(bebas)' is set on object 'Object Repository/Login with SQL-Injection/Page_QWERTY E-Commerce/password_field'

07-05-2026T12:22:55 - [TEST_STEP][PASSED] - click(findTestObject("Login with SQL-Injection/Page_QWERTY E-Commerce/btn_sign_in"), STOP_ON_FAILURE): Object: 'Object Repository/Login with SQL-Injection/Page_QWERTY E-Commerce/btn_sign_in' is clicked on

07-05-2026T12:22:56 - [MESSAGE][PASSED] - Object: 'Object Repository/Login with SQL-Injection/Page_QWERTY E-Commerce/btn_sign_in' is clicked on

07-05-2026T12:22:56 - [TEST_STEP][PASSED] - click(findTestObject("Login with SQL-Injection/Page_QWERTY E-Commerce/page_login")): Object: 'Object Repository/Login with SQL-Injection/Page_QWERTY E-Commerce/page_login' is clicked on

07-05-2026T12:22:56 - [MESSAGE][PASSED] - Object: 'Object Repository/Login with SQL-Injection/Page_QWERTY E-Commerce/page_login' is clicked on

07-05-2026T12:22:56 - [TEST_STEP][PASSED] - closeBrowser(): Browser is closed

07-05-2026T12:22:56 - [MESSAGE][PASSED] - Browser is closed]]></system-out>
         <system-err><![CDATA[]]></system-err>
      </testcase>
      <testcase name="Test Cases/Login Verification/Login with SQL-Injection" time="5.961" classname="Test Cases/Login Verification/Login with SQL-Injection" status="PASSED">
         <properties>
            <property name="data_binding"><![CDATA[{"password":"(bebas)","email":"\" OR \"1\"\u003d\"1"}]]></property>
         </properties>
         <system-out><![CDATA[07-05-2026T12:22:56 - [TEST_CASE][PASSED] - Test Cases/Login Verification/Login with SQL-Injection: Test Cases/Login Verification/Login with SQL-Injection

07-05-2026T12:22:56 - [TEST_STEP][PASSED] - openBrowser(""): Browser is opened with url: ''

07-05-2026T12:22:56 - [MESSAGE][INFO] - Starting 'Chrome' driver

07-05-2026T12:22:56 - [MESSAGE][INFO] - Action delay is set to 0 milliseconds

07-05-2026T12:22:57 - [MESSAGE][PASSED] - Browser is opened with url: ''

07-05-2026T12:22:57 - [TEST_STEP][PASSED] - navigateToUrl("https://qwerty.abiyyu.xyz/"): Navigate to 'https://qwerty.abiyyu.xyz/' successfully

07-05-2026T12:22:59 - [MESSAGE][PASSED] - Navigate to 'https://qwerty.abiyyu.xyz/' successfully

07-05-2026T12:22:59 - [TEST_STEP][PASSED] - click(findTestObject("Login with SQL-Injection/Page_QWERTY E-Commerce/icon_sign_in")): Object: 'Object Repository/Login with SQL-Injection/Page_QWERTY E-Commerce/icon_sign_in' is clicked on

07-05-2026T12:22:59 - [MESSAGE][PASSED] - Object: 'Object Repository/Login with SQL-Injection/Page_QWERTY E-Commerce/icon_sign_in' is clicked on

07-05-2026T12:22:59 - [TEST_STEP][PASSED] - setText(findTestObject("Login with SQL-Injection/Page_QWERTY E-Commerce/email_field"), email): Text '" OR "1"="1' is set on object 'Object Repository/Login with SQL-Injection/Page_QWERTY E-Commerce/email_field'

07-05-2026T12:23:01 - [MESSAGE][PASSED] - Text '" OR "1"="1' is set on object 'Object Repository/Login with SQL-Injection/Page_QWERTY E-Commerce/email_field'

07-05-2026T12:23:01 - [TEST_STEP][PASSED] - setText(findTestObject("Login with SQL-Injection/Page_QWERTY E-Commerce/password_field"), password): Text '(bebas)' is set on object 'Object Repository/Login with SQL-Injection/Page_QWERTY E-Commerce/password_field'

07-05-2026T12:23:01 - [MESSAGE][PASSED] - Text '(bebas)' is set on object 'Object Repository/Login with SQL-Injection/Page_QWERTY E-Commerce/password_field'

07-05-2026T12:23:01 - [TEST_STEP][PASSED] - click(findTestObject("Login with SQL-Injection/Page_QWERTY E-Commerce/btn_sign_in"), STOP_ON_FAILURE): Object: 'Object Repository/Login with SQL-Injection/Page_QWERTY E-Commerce/btn_sign_in' is clicked on

07-05-2026T12:23:02 - [MESSAGE][PASSED] - Object: 'Object Repository/Login with SQL-Injection/Page_QWERTY E-Commerce/btn_sign_in' is clicked on

07-05-2026T12:23:02 - [TEST_STEP][PASSED] - click(findTestObject("Login with SQL-Injection/Page_QWERTY E-Commerce/page_login")): Object: 'Object Repository/Login with SQL-Injection/Page_QWERTY E-Commerce/page_login' is clicked on

07-05-2026T12:23:02 - [MESSAGE][PASSED] - Object: 'Object Repository/Login with SQL-Injection/Page_QWERTY E-Commerce/page_login' is clicked on

07-05-2026T12:23:02 - [TEST_STEP][PASSED] - closeBrowser(): Browser is closed

07-05-2026T12:23:02 - [MESSAGE][PASSED] - Browser is closed]]></system-out>
         <system-err><![CDATA[]]></system-err>
      </testcase>
      <testcase name="Test Cases/Login Verification/Login with SQL-Injection" time="5.527" classname="Test Cases/Login Verification/Login with SQL-Injection" status="PASSED">
         <properties>
            <property name="data_binding"><![CDATA[{"password":"(bebas)","email":") OR (\u00271\u0027\u003d\u00271"}]]></property>
         </properties>
         <system-out><![CDATA[07-05-2026T12:23:02 - [TEST_CASE][PASSED] - Test Cases/Login Verification/Login with SQL-Injection: Test Cases/Login Verification/Login with SQL-Injection

07-05-2026T12:23:02 - [TEST_STEP][PASSED] - openBrowser(""): Browser is opened with url: ''

07-05-2026T12:23:02 - [MESSAGE][INFO] - Starting 'Chrome' driver

07-05-2026T12:23:02 - [MESSAGE][INFO] - Action delay is set to 0 milliseconds

07-05-2026T12:23:03 - [MESSAGE][PASSED] - Browser is opened with url: ''

07-05-2026T12:23:03 - [TEST_STEP][PASSED] - navigateToUrl("https://qwerty.abiyyu.xyz/"): Navigate to 'https://qwerty.abiyyu.xyz/' successfully

07-05-2026T12:23:05 - [MESSAGE][PASSED] - Navigate to 'https://qwerty.abiyyu.xyz/' successfully

07-05-2026T12:23:05 - [TEST_STEP][PASSED] - click(findTestObject("Login with SQL-Injection/Page_QWERTY E-Commerce/icon_sign_in")): Object: 'Object Repository/Login with SQL-Injection/Page_QWERTY E-Commerce/icon_sign_in' is clicked on

07-05-2026T12:23:05 - [MESSAGE][PASSED] - Object: 'Object Repository/Login with SQL-Injection/Page_QWERTY E-Commerce/icon_sign_in' is clicked on

07-05-2026T12:23:05 - [TEST_STEP][PASSED] - setText(findTestObject("Login with SQL-Injection/Page_QWERTY E-Commerce/email_field"), email): Text ') OR ('1'='1' is set on object 'Object Repository/Login with SQL-Injection/Page_QWERTY E-Commerce/email_field'

07-05-2026T12:23:06 - [MESSAGE][PASSED] - Text ') OR ('1'='1' is set on object 'Object Repository/Login with SQL-Injection/Page_QWERTY E-Commerce/email_field'

07-05-2026T12:23:06 - [TEST_STEP][PASSED] - setText(findTestObject("Login with SQL-Injection/Page_QWERTY E-Commerce/password_field"), password): Text '(bebas)' is set on object 'Object Repository/Login with SQL-Injection/Page_QWERTY E-Commerce/password_field'

07-05-2026T12:23:07 - [MESSAGE][PASSED] - Text '(bebas)' is set on object 'Object Repository/Login with SQL-Injection/Page_QWERTY E-Commerce/password_field'

07-05-2026T12:23:07 - [TEST_STEP][PASSED] - click(findTestObject("Login with SQL-Injection/Page_QWERTY E-Commerce/btn_sign_in"), STOP_ON_FAILURE): Object: 'Object Repository/Login with SQL-Injection/Page_QWERTY E-Commerce/btn_sign_in' is clicked on

07-05-2026T12:23:07 - [MESSAGE][PASSED] - Object: 'Object Repository/Login with SQL-Injection/Page_QWERTY E-Commerce/btn_sign_in' is clicked on

07-05-2026T12:23:07 - [TEST_STEP][PASSED] - click(findTestObject("Login with SQL-Injection/Page_QWERTY E-Commerce/page_login")): Object: 'Object Repository/Login with SQL-Injection/Page_QWERTY E-Commerce/page_login' is clicked on

07-05-2026T12:23:07 - [MESSAGE][PASSED] - Object: 'Object Repository/Login with SQL-Injection/Page_QWERTY E-Commerce/page_login' is clicked on

07-05-2026T12:23:07 - [TEST_STEP][PASSED] - closeBrowser(): Browser is closed

07-05-2026T12:23:07 - [MESSAGE][PASSED] - Browser is closed]]></system-out>
         <system-err><![CDATA[]]></system-err>
      </testcase>
      <testcase name="Test Cases/Login Verification/Login with SQL-Injection" time="5.741" classname="Test Cases/Login Verification/Login with SQL-Injection" status="PASSED">
         <properties>
            <property name="data_binding"><![CDATA[{"password":"(bebas)","email":" OR TRUE --"}]]></property>
         </properties>
         <system-out><![CDATA[07-05-2026T12:23:08 - [TEST_CASE][PASSED] - Test Cases/Login Verification/Login with SQL-Injection: Test Cases/Login Verification/Login with SQL-Injection

07-05-2026T12:23:08 - [TEST_STEP][PASSED] - openBrowser(""): Browser is opened with url: ''

07-05-2026T12:23:08 - [MESSAGE][INFO] - Starting 'Chrome' driver

07-05-2026T12:23:08 - [MESSAGE][INFO] - Action delay is set to 0 milliseconds

07-05-2026T12:23:09 - [MESSAGE][PASSED] - Browser is opened with url: ''

07-05-2026T12:23:09 - [TEST_STEP][PASSED] - navigateToUrl("https://qwerty.abiyyu.xyz/"): Navigate to 'https://qwerty.abiyyu.xyz/' successfully

07-05-2026T12:23:10 - [MESSAGE][PASSED] - Navigate to 'https://qwerty.abiyyu.xyz/' successfully

07-05-2026T12:23:10 - [TEST_STEP][PASSED] - click(findTestObject("Login with SQL-Injection/Page_QWERTY E-Commerce/icon_sign_in")): Object: 'Object Repository/Login with SQL-Injection/Page_QWERTY E-Commerce/icon_sign_in' is clicked on

07-05-2026T12:23:11 - [MESSAGE][PASSED] - Object: 'Object Repository/Login with SQL-Injection/Page_QWERTY E-Commerce/icon_sign_in' is clicked on

07-05-2026T12:23:11 - [TEST_STEP][PASSED] - setText(findTestObject("Login with SQL-Injection/Page_QWERTY E-Commerce/email_field"), email): Text ' OR TRUE --' is set on object 'Object Repository/Login with SQL-Injection/Page_QWERTY E-Commerce/email_field'

07-05-2026T12:23:12 - [MESSAGE][PASSED] - Text ' OR TRUE --' is set on object 'Object Repository/Login with SQL-Injection/Page_QWERTY E-Commerce/email_field'

07-05-2026T12:23:12 - [TEST_STEP][PASSED] - setText(findTestObject("Login with SQL-Injection/Page_QWERTY E-Commerce/password_field"), password): Text '(bebas)' is set on object 'Object Repository/Login with SQL-Injection/Page_QWERTY E-Commerce/password_field'

07-05-2026T12:23:13 - [MESSAGE][PASSED] - Text '(bebas)' is set on object 'Object Repository/Login with SQL-Injection/Page_QWERTY E-Commerce/password_field'

07-05-2026T12:23:13 - [TEST_STEP][PASSED] - click(findTestObject("Login with SQL-Injection/Page_QWERTY E-Commerce/btn_sign_in"), STOP_ON_FAILURE): Object: 'Object Repository/Login with SQL-Injection/Page_QWERTY E-Commerce/btn_sign_in' is clicked on

07-05-2026T12:23:13 - [MESSAGE][PASSED] - Object: 'Object Repository/Login with SQL-Injection/Page_QWERTY E-Commerce/btn_sign_in' is clicked on

07-05-2026T12:23:13 - [TEST_STEP][PASSED] - click(findTestObject("Login with SQL-Injection/Page_QWERTY E-Commerce/page_login")): Object: 'Object Repository/Login with SQL-Injection/Page_QWERTY E-Commerce/page_login' is clicked on

07-05-2026T12:23:13 - [MESSAGE][PASSED] - Object: 'Object Repository/Login with SQL-Injection/Page_QWERTY E-Commerce/page_login' is clicked on

07-05-2026T12:23:13 - [TEST_STEP][PASSED] - closeBrowser(): Browser is closed

07-05-2026T12:23:13 - [MESSAGE][PASSED] - Browser is closed]]></system-out>
         <system-err><![CDATA[]]></system-err>
      </testcase>
      <testcase name="Test Cases/Login Verification/Login with SQL-Injection" time="5.229" classname="Test Cases/Login Verification/Login with SQL-Injection" status="PASSED">
         <properties>
            <property name="data_binding"><![CDATA[{"password":"(bebas)","email":" UNION SELECT NULL, NULL --"}]]></property>
         </properties>
         <system-out><![CDATA[07-05-2026T12:23:13 - [TEST_CASE][PASSED] - Test Cases/Login Verification/Login with SQL-Injection: Test Cases/Login Verification/Login with SQL-Injection

07-05-2026T12:23:13 - [TEST_STEP][PASSED] - openBrowser(""): Browser is opened with url: ''

07-05-2026T12:23:13 - [MESSAGE][INFO] - Starting 'Chrome' driver

07-05-2026T12:23:13 - [MESSAGE][INFO] - Action delay is set to 0 milliseconds

07-05-2026T12:23:14 - [MESSAGE][PASSED] - Browser is opened with url: ''

07-05-2026T12:23:14 - [TEST_STEP][PASSED] - navigateToUrl("https://qwerty.abiyyu.xyz/"): Navigate to 'https://qwerty.abiyyu.xyz/' successfully

07-05-2026T12:23:15 - [MESSAGE][PASSED] - Navigate to 'https://qwerty.abiyyu.xyz/' successfully

07-05-2026T12:23:15 - [TEST_STEP][PASSED] - click(findTestObject("Login with SQL-Injection/Page_QWERTY E-Commerce/icon_sign_in")): Object: 'Object Repository/Login with SQL-Injection/Page_QWERTY E-Commerce/icon_sign_in' is clicked on

07-05-2026T12:23:16 - [MESSAGE][PASSED] - Object: 'Object Repository/Login with SQL-Injection/Page_QWERTY E-Commerce/icon_sign_in' is clicked on

07-05-2026T12:23:16 - [TEST_STEP][PASSED] - setText(findTestObject("Login with SQL-Injection/Page_QWERTY E-Commerce/email_field"), email): Text ' UNION SELECT NULL, NULL --' is set on object 'Object Repository/Login with SQL-Injection/Page_QWERTY E-Commerce/email_field'

07-05-2026T12:23:17 - [MESSAGE][PASSED] - Text ' UNION SELECT NULL, NULL --' is set on object 'Object Repository/Login with SQL-Injection/Page_QWERTY E-Commerce/email_field'

07-05-2026T12:23:17 - [TEST_STEP][PASSED] - setText(findTestObject("Login with SQL-Injection/Page_QWERTY E-Commerce/password_field"), password): Text '(bebas)' is set on object 'Object Repository/Login with SQL-Injection/Page_QWERTY E-Commerce/password_field'

07-05-2026T12:23:18 - [MESSAGE][PASSED] - Text '(bebas)' is set on object 'Object Repository/Login with SQL-Injection/Page_QWERTY E-Commerce/password_field'

07-05-2026T12:23:18 - [TEST_STEP][PASSED] - click(findTestObject("Login with SQL-Injection/Page_QWERTY E-Commerce/btn_sign_in"), STOP_ON_FAILURE): Object: 'Object Repository/Login with SQL-Injection/Page_QWERTY E-Commerce/btn_sign_in' is clicked on

07-05-2026T12:23:18 - [MESSAGE][PASSED] - Object: 'Object Repository/Login with SQL-Injection/Page_QWERTY E-Commerce/btn_sign_in' is clicked on

07-05-2026T12:23:18 - [TEST_STEP][PASSED] - click(findTestObject("Login with SQL-Injection/Page_QWERTY E-Commerce/page_login")): Object: 'Object Repository/Login with SQL-Injection/Page_QWERTY E-Commerce/page_login' is clicked on

07-05-2026T12:23:18 - [MESSAGE][PASSED] - Object: 'Object Repository/Login with SQL-Injection/Page_QWERTY E-Commerce/page_login' is clicked on

07-05-2026T12:23:18 - [TEST_STEP][PASSED] - closeBrowser(): Browser is closed

07-05-2026T12:23:18 - [MESSAGE][PASSED] - Browser is closed]]></system-out>
         <system-err><![CDATA[]]></system-err>
      </testcase>
      <testcase name="Test Cases/Login Verification/Login with SQL-Injection" time="5.175" classname="Test Cases/Login Verification/Login with SQL-Injection" status="PASSED">
         <properties>
            <property name="data_binding"><![CDATA[{"password":"(bebas)","email":"1\u0027 AND SLEEP(5) --"}]]></property>
         </properties>
         <system-out><![CDATA[07-05-2026T12:23:18 - [TEST_CASE][PASSED] - Test Cases/Login Verification/Login with SQL-Injection: Test Cases/Login Verification/Login with SQL-Injection

07-05-2026T12:23:18 - [TEST_STEP][PASSED] - openBrowser(""): Browser is opened with url: ''

07-05-2026T12:23:18 - [MESSAGE][INFO] - Starting 'Chrome' driver

07-05-2026T12:23:18 - [MESSAGE][INFO] - Action delay is set to 0 milliseconds

07-05-2026T12:23:19 - [MESSAGE][PASSED] - Browser is opened with url: ''

07-05-2026T12:23:19 - [TEST_STEP][PASSED] - navigateToUrl("https://qwerty.abiyyu.xyz/"): Navigate to 'https://qwerty.abiyyu.xyz/' successfully

07-05-2026T12:23:21 - [MESSAGE][PASSED] - Navigate to 'https://qwerty.abiyyu.xyz/' successfully

07-05-2026T12:23:21 - [TEST_STEP][PASSED] - click(findTestObject("Login with SQL-Injection/Page_QWERTY E-Commerce/icon_sign_in")): Object: 'Object Repository/Login with SQL-Injection/Page_QWERTY E-Commerce/icon_sign_in' is clicked on

07-05-2026T12:23:21 - [MESSAGE][PASSED] - Object: 'Object Repository/Login with SQL-Injection/Page_QWERTY E-Commerce/icon_sign_in' is clicked on

07-05-2026T12:23:21 - [TEST_STEP][PASSED] - setText(findTestObject("Login with SQL-Injection/Page_QWERTY E-Commerce/email_field"), email): Text '1' AND SLEEP(5) --' is set on object 'Object Repository/Login with SQL-Injection/Page_QWERTY E-Commerce/email_field'

07-05-2026T12:23:23 - [MESSAGE][PASSED] - Text '1' AND SLEEP(5) --' is set on object 'Object Repository/Login with SQL-Injection/Page_QWERTY E-Commerce/email_field'

07-05-2026T12:23:23 - [TEST_STEP][PASSED] - setText(findTestObject("Login with SQL-Injection/Page_QWERTY E-Commerce/password_field"), password): Text '(bebas)' is set on object 'Object Repository/Login with SQL-Injection/Page_QWERTY E-Commerce/password_field'

07-05-2026T12:23:23 - [MESSAGE][PASSED] - Text '(bebas)' is set on object 'Object Repository/Login with SQL-Injection/Page_QWERTY E-Commerce/password_field'

07-05-2026T12:23:23 - [TEST_STEP][PASSED] - click(findTestObject("Login with SQL-Injection/Page_QWERTY E-Commerce/btn_sign_in"), STOP_ON_FAILURE): Object: 'Object Repository/Login with SQL-Injection/Page_QWERTY E-Commerce/btn_sign_in' is clicked on

07-05-2026T12:23:23 - [MESSAGE][PASSED] - Object: 'Object Repository/Login with SQL-Injection/Page_QWERTY E-Commerce/btn_sign_in' is clicked on

07-05-2026T12:23:23 - [TEST_STEP][PASSED] - click(findTestObject("Login with SQL-Injection/Page_QWERTY E-Commerce/page_login")): Object: 'Object Repository/Login with SQL-Injection/Page_QWERTY E-Commerce/page_login' is clicked on

07-05-2026T12:23:24 - [MESSAGE][PASSED] - Object: 'Object Repository/Login with SQL-Injection/Page_QWERTY E-Commerce/page_login' is clicked on

07-05-2026T12:23:24 - [TEST_STEP][PASSED] - closeBrowser(): Browser is closed

07-05-2026T12:23:24 - [MESSAGE][PASSED] - Browser is closed]]></system-out>
         <system-err><![CDATA[]]></system-err>
      </testcase>
      <system-out><![CDATA[07-05-2026T12:22:06 - [TEST_SUITE][PASSED] - Login: null]]></system-out>
      <system-err><![CDATA[]]></system-err>
   </testsuite>
</testsuites>
